<?xml version="1.0" encoding="UTF-8"?>
<testsuite xmlns:xsi="http://www.w3.org/2001/XMLSchema-instance" xsi:noNamespaceSchemaLocation="https://maven.apache.org/surefire/maven-surefire-plugin/xsd/surefire-test-report.xsd" name="com.mycompany.restoran.AdminTest" time="0.025" tests="5" errors="0" skipped="0" failures="0">
  <properties>
[...]
</properties>
  <testcase name="testUbahMenu" classname="com.mycompany.restoran.AdminTest" time="0.016"/>
  <testcase name="testHapusMenu" classname="com.mycompany.restoran.AdminTest" time="0"/>
  <testcase name="testTambahMenu" classname="com.mycompany.restoran.AdminTest" time="0"/>
  <testcase name="testTambahBahanBaku" classname="com.mycompany.restoran.AdminTest" time="0.001"/>
  <testcase name="testGetTotalHargaBahanBaku" classname="com.mycompany.restoran.AdminTest" time="0.001"/>
</testsuite>